<?xml version="1.0" encoding="UTF-8"?>
<!-- Generated by org.testng.reporters.JUnitXMLReporter -->
<testsuite ignored="0" hostname="INBOOK_Y2_PLUS" failures="0" tests="4" name="Login Tests" time="17.005" errors="0" timestamp="2025-08-01T17:38:41 IST">
  <testcase classname="com.janitri.tests.LoginTest" name="testInvalidLoginShowErrorMsg" time="1.043"/>
  <testcase classname="com.janitri.tests.LoginTest" name="testLoginButtonEnabledByDefault" time="0.368"/>
  <testcase classname="com.janitri.tests.LoginTest" name="testPageElementsPresence" time="0.462"/>
  <testcase classname="com.janitri.tests.LoginTest" name="testPasswordMaskedButton" time="0.69"/>
</testsuite> <!-- Login Tests -->
