<?xml version="1.0" encoding="UTF-8"?>
<testng-results ignored="0" total="4" passed="4" failed="0" skipped="0">
  <reporter-output>
  </reporter-output>
  <suite started-at="2025-08-01T17:38:24 IST" name="Janitri Login Test Suite" finished-at="2025-08-01T17:38:41 IST" duration-ms="17005">
    <groups>
    </groups>
    <test started-at="2025-08-01T17:38:24 IST" name="Login Tests" finished-at="2025-08-01T17:38:41 IST" duration-ms="17005">
      <class name="com.janitri.tests.LoginTest">
        <test-method is-config="true" signature="setUp()[pri:0, instance:com.janitri.tests.LoginTest@5bd03f44]" started-at="2025-08-01T17:38:24 IST" name="setUp" finished-at="2025-08-01T17:38:28 IST" duration-ms="4223" status="PASS">
          <reporter-output>
          </reporter-output>
        </test-method> <!-- setUp -->
        <test-method is-config="true" signature="setUpTest()[pri:0, instance:com.janitri.tests.LoginTest@5bd03f44]" started-at="2025-08-01T17:38:28 IST" name="setUpTest" finished-at="2025-08-01T17:38:29 IST" duration-ms="1437" status="PASS">
          <reporter-output>
          </reporter-output>
        </test-method> <!-- setUpTest -->
        <test-method signature="testInvalidLoginShowErrorMsg()[pri:0, instance:com.janitri.tests.LoginTest@5bd03f44]" started-at="2025-08-01T17:38:29 IST" name="testInvalidLoginShowErrorMsg" finished-at="2025-08-01T17:38:31 IST" duration-ms="1043" status="PASS">
          <reporter-output>
          </reporter-output>
        </test-method> <!-- testInvalidLoginShowErrorMsg -->
        <test-method is-config="true" signature="tearDown()[pri:0, instance:com.janitri.tests.LoginTest@5bd03f44]" started-at="2025-08-01T17:38:31 IST" name="tearDown" finished-at="2025-08-01T17:38:31 IST" duration-ms="426" status="PASS">
          <reporter-output>
          </reporter-output>
        </test-method> <!-- tearDown -->
        <test-method is-config="true" signature="setUp()[pri:0, instance:com.janitri.tests.LoginTest@5bd03f44]" started-at="2025-08-01T17:38:31 IST" name="setUp" finished-at="2025-08-01T17:38:33 IST" duration-ms="1617" status="PASS">
          <reporter-output>
          </reporter-output>
        </test-method> <!-- setUp -->
        <test-method is-config="true" signature="setUpTest()[pri:0, instance:com.janitri.tests.LoginTest@5bd03f44]" started-at="2025-08-01T17:38:33 IST" name="setUpTest" finished-at="2025-08-01T17:38:34 IST" duration-ms="1473" status="PASS">
          <reporter-output>
          </reporter-output>
        </test-method> <!-- setUpTest -->
        <test-method signature="testLoginButtonEnabledByDefault()[pri:0, instance:com.janitri.tests.LoginTest@5bd03f44]" started-at="2025-08-01T17:38:34 IST" name="testLoginButtonEnabledByDefault" finished-at="2025-08-01T17:38:34 IST" duration-ms="368" status="PASS">
          <reporter-output>
          </reporter-output>
        </test-method> <!-- testLoginButtonEnabledByDefault -->
        <test-method is-config="true" signature="tearDown()[pri:0, instance:com.janitri.tests.LoginTest@5bd03f44]" started-at="2025-08-01T17:38:34 IST" name="tearDown" finished-at="2025-08-01T17:38:35 IST" duration-ms="402" status="PASS">
          <reporter-output>
          </reporter-output>
        </test-method> <!-- tearDown -->
        <test-method is-config="true" signature="setUp()[pri:0, instance:com.janitri.tests.LoginTest@5bd03f44]" started-at="2025-08-01T17:38:35 IST" name="setUp" finished-at="2025-08-01T17:38:36 IST" duration-ms="1050" status="PASS">
          <reporter-output>
          </reporter-output>
        </test-method> <!-- setUp -->
        <test-method is-config="true" signature="setUpTest()[pri:0, instance:com.janitri.tests.LoginTest@5bd03f44]" started-at="2025-08-01T17:38:36 IST" name="setUpTest" finished-at="2025-08-01T17:38:37 IST" duration-ms="892" status="PASS">
          <reporter-output>
          </reporter-output>
        </test-method> <!-- setUpTest -->
        <test-method signature="testPageElementsPresence()[pri:0, instance:com.janitri.tests.LoginTest@5bd03f44]" started-at="2025-08-01T17:38:37 IST" name="testPageElementsPresence" finished-at="2025-08-01T17:38:37 IST" duration-ms="462" status="PASS">
          <reporter-output>
          </reporter-output>
        </test-method> <!-- testPageElementsPresence -->
        <test-method is-config="true" signature="tearDown()[pri:0, instance:com.janitri.tests.LoginTest@5bd03f44]" started-at="2025-08-01T17:38:37 IST" name="tearDown" finished-at="2025-08-01T17:38:38 IST" duration-ms="281" status="PASS">
          <reporter-output>
          </reporter-output>
        </test-method> <!-- tearDown -->
        <test-method is-config="true" signature="setUp()[pri:0, instance:com.janitri.tests.LoginTest@5bd03f44]" started-at="2025-08-01T17:38:38 IST" name="setUp" finished-at="2025-08-01T17:38:39 IST" duration-ms="1025" status="PASS">
          <reporter-output>
          </reporter-output>
        </test-method> <!-- setUp -->
        <test-method is-config="true" signature="setUpTest()[pri:0, instance:com.janitri.tests.LoginTest@5bd03f44]" started-at="2025-08-01T17:38:39 IST" name="setUpTest" finished-at="2025-08-01T17:38:40 IST" duration-ms="1199" status="PASS">
          <reporter-output>
          </reporter-output>
        </test-method> <!-- setUpTest -->
        <test-method signature="testPasswordMaskedButton()[pri:0, instance:com.janitri.tests.LoginTest@5bd03f44]" started-at="2025-08-01T17:38:40 IST" name="testPasswordMaskedButton" finished-at="2025-08-01T17:38:40 IST" duration-ms="690" status="PASS">
          <reporter-output>
          </reporter-output>
        </test-method> <!-- testPasswordMaskedButton -->
        <test-method is-config="true" signature="tearDown()[pri:0, instance:com.janitri.tests.LoginTest@5bd03f44]" started-at="2025-08-01T17:38:40 IST" name="tearDown" finished-at="2025-08-01T17:38:41 IST" duration-ms="358" status="PASS">
          <reporter-output>
          </reporter-output>
        </test-method> <!-- tearDown -->
      </class> <!-- com.janitri.tests.LoginTest -->
    </test> <!-- Login Tests -->
  </suite> <!-- Janitri Login Test Suite -->
</testng-results>
